<?xml version="1.0" encoding="UTF-8"?>
<!-- Generated by org.testng.reporters.JUnitReportReporter -->
<testsuite ignored="0" hostname="LAPTOP-P34KGOJ0" failures="0" tests="2" name="edu.udacity.java.nano.WebSocketChatApplicationTest" time="6.260" errors="0" timestamp="05 feb 2020 01:41:56 GMT" skipped="0">
  <testcase classname="edu.udacity.java.nano.WebSocketChatApplicationTest" name="joinUser" time="3.115"/>
  <testcase classname="edu.udacity.java.nano.WebSocketChatApplicationTest" name="login" time="3.145"/>
</testsuite> <!-- edu.udacity.java.nano.WebSocketChatApplicationTest -->
